<?xml version="1.0" encoding="UTF-8"?>
<!-- Generated by org.testng.reporters.JUnitXMLReporter -->
<testsuite ignored="0" hostname="DESKTOP-UFRQ0RQ" failures="0" tests="6" name="Chrome" time="0.071" errors="0" timestamp="2022-09-07T18:37:43 IST">
  <testcase classname="TestClass.TestNG" name="testA" time="0.004"/>
  <testcase classname="TestClass.TestNG" name="testB" time="0.004"/>
  <testcase classname="TestClass.TestNG" name="testC" time="0.008"/>
  <testcase classname="TestClass.TestNG1" name="testA" time="0.022"/>
  <testcase classname="TestClass.TestNG1" name="testB" time="0.002"/>
  <testcase classname="TestClass.TestNG1" name="testC" time="0.004"/>
</testsuite> <!-- Chrome -->
