<?xml version="1.0" encoding="UTF-8"?>
<!-- Generated by org.testng.reporters.JUnitXMLReporter -->
<testsuite ignored="0" hostname="DESKTOP-UFRQ0RQ" failures="0" tests="6" name="Test" time="0.154" errors="0" timestamp="2022-09-07T18:37:43 IST">
  <testcase classname="TestClass.TestNG1" name="testA" time="0.017"/>
  <testcase classname="TestClass.TestNG" name="testA" time="0.02"/>
  <testcase classname="TestClass.TestNG1" name="testB" time="0.003"/>
  <testcase classname="TestClass.TestNG1" name="testC" time="0.004"/>
  <testcase classname="TestClass.TestNG" name="testB" time="0.011"/>
  <testcase classname="TestClass.TestNG" name="testC" time="0.003"/>
</testsuite> <!-- Test -->
